This file contains any messages produced by compilers while
running configure, to aid debugging if configure makes a mistake.

It was created by cgminer configure 3.9.0, which was
generated by GNU Autoconf 2.69.  Invocation command line was

  $ ./configure --enable-bitmine_A1 --without-curses --no-create --no-recursion

## --------- ##
## Platform. ##
## --------- ##

hostname = raspberrypi
uname -m = armv6l
uname -r = 3.6.11+
uname -s = Linux
uname -v = #538 PREEMPT Fri Aug 30 20:42:08 BST 2013

/usr/bin/uname -p = unknown
/bin/uname -X     = unknown

/bin/arch              = unknown
/usr/bin/arch -k       = unknown
/usr/convex/getsysinfo = unknown
/usr/bin/hostinfo      = unknown
/bin/machine           = unknown
/usr/bin/oslevel       = unknown
/bin/universe          = unknown

PATH: /usr/local/sbin
PATH: /usr/local/bin
PATH: /usr/sbin
PATH: /usr/bin
PATH: /sbin
PATH: /bin


## ----------- ##
## Core tests. ##
## ----------- ##

configure:2844: checking build system type
configure:2858: result: armv6l-unknown-linux-gnueabihf
configure:2878: checking host system type
configure:2891: result: armv6l-unknown-linux-gnueabihf
configure:2911: checking target system type
configure:2924: result: armv6l-unknown-linux-gnueabihf
configure:2972: checking for a BSD-compatible install
configure:3040: result: /usr/bin/install -c
configure:3051: checking whether build environment is sane
configure:3101: result: yes
configure:3242: checking for a thread-safe mkdir -p
configure:3281: result: /bin/mkdir -p
configure:3295: checking for gawk
configure:3325: result: no
configure:3295: checking for mawk
configure:3311: found /usr/bin/mawk
configure:3322: result: mawk
configure:3333: checking whether make sets $(MAKE)
configure:3355: result: yes
configure:3446: checking whether make supports nested variables
configure:3463: result: yes
configure:3486: checking for style of include used by make
configure:3514: result: GNU
configure:3585: checking for gcc
configure:3601: found /usr/bin/gcc
configure:3612: result: gcc
configure:3841: checking for C compiler version
configure:3850: gcc --version >&5
gcc (Debian 4.6.3-14+rpi1) 4.6.3
Copyright (C) 2011 Free Software Foundation, Inc.
This is free software; see the source for copying conditions.  There is NO
warranty; not even for MERCHANTABILITY or FITNESS FOR A PARTICULAR PURPOSE.

configure:3861: $? = 0
configure:3850: gcc -v >&5
Using built-in specs.
COLLECT_GCC=gcc
COLLECT_LTO_WRAPPER=/usr/lib/gcc/arm-linux-gnueabihf/4.6/lto-wrapper
Target: arm-linux-gnueabihf
Configured with: ../src/configure -v --with-pkgversion='Debian 4.6.3-14+rpi1' --with-bugurl=file:///usr/share/doc/gcc-4.6/README.Bugs --enable-languages=c,c++,fortran,objc,obj-c++ --prefix=/usr --program-suffix=-4.6 --enable-shared --enable-linker-build-id --with-system-zlib --libexecdir=/usr/lib --without-included-gettext --enable-threads=posix --with-gxx-include-dir=/usr/include/c++/4.6 --libdir=/usr/lib --enable-nls --with-sysroot=/ --enable-clocale=gnu --enable-libstdcxx-debug --enable-libstdcxx-time=yes --enable-gnu-unique-object --enable-plugin --enable-objc-gc --disable-sjlj-exceptions --with-arch=armv6 --with-fpu=vfp --with-float=hard --enable-checking=release --build=arm-linux-gnueabihf --host=arm-linux-gnueabihf --target=arm-linux-gnueabihf
Thread model: posix
gcc version 4.6.3 (Debian 4.6.3-14+rpi1) 
configure:3861: $? = 0
configure:3850: gcc -V >&5
gcc: error: unrecognized option '-V'
gcc: fatal error: no input files
compilation terminated.
configure:3861: $? = 4
configure:3850: gcc -qversion >&5
gcc: error: unrecognized option '-qversion'
gcc: fatal error: no input files
compilation terminated.
configure:3861: $? = 4
configure:3881: checking whether the C compiler works
configure:3903: gcc    conftest.c  >&5
configure:3907: $? = 0
configure:3955: result: yes
configure:3958: checking for C compiler default output file name
configure:3960: result: a.out
configure:3966: checking for suffix of executables
configure:3973: gcc -o conftest    conftest.c  >&5
configure:3977: $? = 0
configure:3999: result: 
configure:4021: checking whether we are cross compiling
configure:4029: gcc -o conftest    conftest.c  >&5
configure:4033: $? = 0
configure:4040: ./conftest
configure:4044: $? = 0
configure:4059: result: no
configure:4064: checking for suffix of object files
configure:4086: gcc -c   conftest.c >&5
configure:4090: $? = 0
configure:4111: result: o
configure:4115: checking whether we are using the GNU C compiler
configure:4134: gcc -c   conftest.c >&5
configure:4134: $? = 0
configure:4143: result: yes
configure:4152: checking whether gcc accepts -g
configure:4172: gcc -c -g  conftest.c >&5
configure:4172: $? = 0
configure:4213: result: yes
configure:4230: checking for gcc option to accept ISO C89
configure:4293: gcc  -c -g -O2  conftest.c >&5
configure:4293: $? = 0
configure:4306: result: none needed
configure:4328: checking dependency style of gcc
configure:4439: result: gcc3
configure:4460: checking how to run the C preprocessor
configure:4491: gcc -E  conftest.c
configure:4491: $? = 0
configure:4505: gcc -E  conftest.c
conftest.c:11:28: fatal error: ac_nonexistent.h: No such file or directory
compilation terminated.
configure:4505: $? = 1
configure: failed program was:
| /* confdefs.h */
| #define PACKAGE_NAME "cgminer"
| #define PACKAGE_TARNAME "cgminer"
| #define PACKAGE_VERSION "3.9.0"
| #define PACKAGE_STRING "cgminer 3.9.0"
| #define PACKAGE_BUGREPORT "kernel@kolivas.org"
| #define PACKAGE_URL ""
| #define PACKAGE "cgminer"
| #define VERSION "3.9.0"
| /* end confdefs.h.  */
| #include <ac_nonexistent.h>
configure:4530: result: gcc -E
configure:4550: gcc -E  conftest.c
configure:4550: $? = 0
configure:4564: gcc -E  conftest.c
conftest.c:11:28: fatal error: ac_nonexistent.h: No such file or directory
compilation terminated.
configure:4564: $? = 1
configure: failed program was:
| /* confdefs.h */
| #define PACKAGE_NAME "cgminer"
| #define PACKAGE_TARNAME "cgminer"
| #define PACKAGE_VERSION "3.9.0"
| #define PACKAGE_STRING "cgminer 3.9.0"
| #define PACKAGE_BUGREPORT "kernel@kolivas.org"
| #define PACKAGE_URL ""
| #define PACKAGE "cgminer"
| #define VERSION "3.9.0"
| /* end confdefs.h.  */
| #include <ac_nonexistent.h>
configure:4593: checking for grep that handles long lines and -e
configure:4651: result: /bin/grep
configure:4656: checking for egrep
configure:4718: result: /bin/grep -E
configure:4723: checking for ANSI C header files
configure:4743: gcc -c -g -O2  conftest.c >&5
configure:4743: $? = 0
configure:4816: gcc -o conftest -g -O2   conftest.c  >&5
configure:4816: $? = 0
configure:4816: ./conftest
configure:4816: $? = 0
configure:4827: result: yes
configure:4840: checking for sys/types.h
configure:4840: gcc -c -g -O2  conftest.c >&5
configure:4840: $? = 0
configure:4840: result: yes
configure:4840: checking for sys/stat.h
configure:4840: gcc -c -g -O2  conftest.c >&5
configure:4840: $? = 0
configure:4840: result: yes
configure:4840: checking for stdlib.h
configure:4840: gcc -c -g -O2  conftest.c >&5
configure:4840: $? = 0
configure:4840: result: yes
configure:4840: checking for string.h
configure:4840: gcc -c -g -O2  conftest.c >&5
configure:4840: $? = 0
configure:4840: result: yes
configure:4840: checking for memory.h
configure:4840: gcc -c -g -O2  conftest.c >&5
configure:4840: $? = 0
configure:4840: result: yes
configure:4840: checking for strings.h
configure:4840: gcc -c -g -O2  conftest.c >&5
configure:4840: $? = 0
configure:4840: result: yes
configure:4840: checking for inttypes.h
configure:4840: gcc -c -g -O2  conftest.c >&5
configure:4840: $? = 0
configure:4840: result: yes
configure:4840: checking for stdint.h
configure:4840: gcc -c -g -O2  conftest.c >&5
configure:4840: $? = 0
configure:4840: result: yes
configure:4840: checking for unistd.h
configure:4840: gcc -c -g -O2  conftest.c >&5
configure:4840: $? = 0
configure:4840: result: yes
configure:4855: checking minix/config.h usability
configure:4855: gcc -c -g -O2  conftest.c >&5
conftest.c:54:26: fatal error: minix/config.h: No such file or directory
compilation terminated.
configure:4855: $? = 1
configure: failed program was:
| /* confdefs.h */
| #define PACKAGE_NAME "cgminer"
| #define PACKAGE_TARNAME "cgminer"
| #define PACKAGE_VERSION "3.9.0"
| #define PACKAGE_STRING "cgminer 3.9.0"
| #define PACKAGE_BUGREPORT "kernel@kolivas.org"
| #define PACKAGE_URL ""
| #define PACKAGE "cgminer"
| #define VERSION "3.9.0"
| #define STDC_HEADERS 1
| #define HAVE_SYS_TYPES_H 1
| #define HAVE_SYS_STAT_H 1
| #define HAVE_STDLIB_H 1
| #define HAVE_STRING_H 1
| #define HAVE_MEMORY_H 1
| #define HAVE_STRINGS_H 1
| #define HAVE_INTTYPES_H 1
| #define HAVE_STDINT_H 1
| #define HAVE_UNISTD_H 1
| /* end confdefs.h.  */
| #include <stdio.h>
| #ifdef HAVE_SYS_TYPES_H
| # include <sys/types.h>
| #endif
| #ifdef HAVE_SYS_STAT_H
| # include <sys/stat.h>
| #endif
| #ifdef STDC_HEADERS
| # include <stdlib.h>
| # include <stddef.h>
| #else
| # ifdef HAVE_STDLIB_H
| #  include <stdlib.h>
| # endif
| #endif
| #ifdef HAVE_STRING_H
| # if !defined STDC_HEADERS && defined HAVE_MEMORY_H
| #  include <memory.h>
| # endif
| # include <string.h>
| #endif
| #ifdef HAVE_STRINGS_H
| # include <strings.h>
| #endif
| #ifdef HAVE_INTTYPES_H
| # include <inttypes.h>
| #endif
| #ifdef HAVE_STDINT_H
| # include <stdint.h>
| #endif
| #ifdef HAVE_UNISTD_H
| # include <unistd.h>
| #endif
| #include <minix/config.h>
configure:4855: result: no
configure:4855: checking minix/config.h presence
configure:4855: gcc -E  conftest.c
conftest.c:21:26: fatal error: minix/config.h: No such file or directory
compilation terminated.
configure:4855: $? = 1
configure: failed program was:
| /* confdefs.h */
| #define PACKAGE_NAME "cgminer"
| #define PACKAGE_TARNAME "cgminer"
| #define PACKAGE_VERSION "3.9.0"
| #define PACKAGE_STRING "cgminer 3.9.0"
| #define PACKAGE_BUGREPORT "kernel@kolivas.org"
| #define PACKAGE_URL ""
| #define PACKAGE "cgminer"
| #define VERSION "3.9.0"
| #define STDC_HEADERS 1
| #define HAVE_SYS_TYPES_H 1
| #define HAVE_SYS_STAT_H 1
| #define HAVE_STDLIB_H 1
| #define HAVE_STRING_H 1
| #define HAVE_MEMORY_H 1
| #define HAVE_STRINGS_H 1
| #define HAVE_INTTYPES_H 1
| #define HAVE_STDINT_H 1
| #define HAVE_UNISTD_H 1
| /* end confdefs.h.  */
| #include <minix/config.h>
configure:4855: result: no
configure:4855: checking for minix/config.h
configure:4855: result: no
configure:4884: checking whether it is safe to define __EXTENSIONS__
configure:4902: gcc -c -g -O2  conftest.c >&5
configure:4902: $? = 0
configure:4909: result: yes
configure:4956: checking whether to enable maintainer-specific portions of Makefiles
configure:4965: result: no
configure:5027: checking for gcc
configure:5054: result: gcc
configure:5283: checking for C compiler version
configure:5292: gcc --version >&5
gcc (Debian 4.6.3-14+rpi1) 4.6.3
Copyright (C) 2011 Free Software Foundation, Inc.
This is free software; see the source for copying conditions.  There is NO
warranty; not even for MERCHANTABILITY or FITNESS FOR A PARTICULAR PURPOSE.

configure:5303: $? = 0
configure:5292: gcc -v >&5
Using built-in specs.
COLLECT_GCC=gcc
COLLECT_LTO_WRAPPER=/usr/lib/gcc/arm-linux-gnueabihf/4.6/lto-wrapper
Target: arm-linux-gnueabihf
Configured with: ../src/configure -v --with-pkgversion='Debian 4.6.3-14+rpi1' --with-bugurl=file:///usr/share/doc/gcc-4.6/README.Bugs --enable-languages=c,c++,fortran,objc,obj-c++ --prefix=/usr --program-suffix=-4.6 --enable-shared --enable-linker-build-id --with-system-zlib --libexecdir=/usr/lib --without-included-gettext --enable-threads=posix --with-gxx-include-dir=/usr/include/c++/4.6 --libdir=/usr/lib --enable-nls --with-sysroot=/ --enable-clocale=gnu --enable-libstdcxx-debug --enable-libstdcxx-time=yes --enable-gnu-unique-object --enable-plugin --enable-objc-gc --disable-sjlj-exceptions --with-arch=armv6 --with-fpu=vfp --with-float=hard --enable-checking=release --build=arm-linux-gnueabihf --host=arm-linux-gnueabihf --target=arm-linux-gnueabihf
Thread model: posix
gcc version 4.6.3 (Debian 4.6.3-14+rpi1) 
configure:5303: $? = 0
configure:5292: gcc -V >&5
gcc: error: unrecognized option '-V'
gcc: fatal error: no input files
compilation terminated.
configure:5303: $? = 4
configure:5292: gcc -qversion >&5
gcc: error: unrecognized option '-qversion'
gcc: fatal error: no input files
compilation terminated.
configure:5303: $? = 4
configure:5307: checking whether we are using the GNU C compiler
configure:5335: result: yes
configure:5344: checking whether gcc accepts -g
configure:5405: result: yes
configure:5422: checking for gcc option to accept ISO C89
configure:5498: result: none needed
configure:5520: checking dependency style of gcc
configure:5631: result: gcc3
configure:5689: checking for ranlib
configure:5705: found /usr/bin/ranlib
configure:5716: result: ranlib
configure:5764: checking whether gcc needs -traditional
configure:5798: result: no
configure:5806: checking whether gcc and cc understand -c and -o together
configure:5837: gcc -c conftest.c -o conftest2.o >&5
configure:5841: $? = 0
configure:5847: gcc -c conftest.c -o conftest2.o >&5
configure:5851: $? = 0
configure:5862: cc -c conftest.c >&5
configure:5866: $? = 0
configure:5874: cc -c conftest.c -o conftest2.o >&5
configure:5878: $? = 0
configure:5884: cc -c conftest.c -o conftest2.o >&5
configure:5888: $? = 0
configure:5906: result: yes
configure:5977: checking how to print strings
configure:6004: result: printf
configure:6025: checking for a sed that does not truncate output
configure:6089: result: /bin/sed
configure:6107: checking for fgrep
configure:6169: result: /bin/grep -F
configure:6204: checking for ld used by gcc
configure:6271: result: /usr/bin/ld
configure:6278: checking if the linker (/usr/bin/ld) is GNU ld
configure:6293: result: yes
configure:6305: checking for BSD- or MS-compatible name lister (nm)
configure:6354: result: /usr/bin/nm -B
configure:6484: checking the name lister (/usr/bin/nm -B) interface
configure:6491: gcc -c -g -O2  conftest.c >&5
configure:6494: /usr/bin/nm -B "conftest.o"
configure:6497: output
00000000 B some_variable
configure:6504: result: BSD nm
configure:6507: checking whether ln -s works
configure:6511: result: yes
configure:6519: checking the maximum length of command line arguments
configure:6649: result: 805306365
configure:6666: checking whether the shell understands some XSI constructs
configure:6676: result: yes
configure:6680: checking whether the shell understands "+="
configure:6686: result: yes
configure:6721: checking how to convert armv6l-unknown-linux-gnueabihf file names to armv6l-unknown-linux-gnueabihf format
configure:6761: result: func_convert_file_noop
configure:6768: checking how to convert armv6l-unknown-linux-gnueabihf file names to toolchain format
configure:6788: result: func_convert_file_noop
configure:6795: checking for /usr/bin/ld option to reload object files
configure:6802: result: -r
configure:6876: checking for objdump
configure:6892: found /usr/bin/objdump
configure:6903: result: objdump
configure:6935: checking how to recognize dependent libraries
configure:7133: result: pass_all
configure:7218: checking for dlltool
configure:7248: result: no
configure:7278: checking how to associate runtime and link libraries
configure:7305: result: printf %s\n
configure:7365: checking for ar
configure:7381: found /usr/bin/ar
configure:7392: result: ar
configure:7429: checking for archiver @FILE support
configure:7446: gcc -c -g -O2  conftest.c >&5
configure:7446: $? = 0
configure:7449: ar cru libconftest.a @conftest.lst >&5
configure:7452: $? = 0
configure:7457: ar cru libconftest.a @conftest.lst >&5
ar: conftest.o: No such file or directory
configure:7460: $? = 1
configure:7472: result: @
configure:7530: checking for strip
configure:7546: found /usr/bin/strip
configure:7557: result: strip
configure:7629: checking for ranlib
configure:7656: result: ranlib
configure:7758: checking command to parse /usr/bin/nm -B output from gcc object
configure:7878: gcc -c -g -O2  conftest.c >&5
configure:7881: $? = 0
configure:7885: /usr/bin/nm -B conftest.o \| sed -n -e 's/^.*[ ]\([ABCDGIRSTW][ABCDGIRSTW]*\)[ ][ ]*\([_A-Za-z][_A-Za-z0-9]*\)$/\1 \2 \2/p' | sed '/ __gnu_lto/d' \> conftest.nm
configure:7888: $? = 0
configure:7954: gcc -o conftest -g -O2   conftest.c conftstm.o >&5
configure:7957: $? = 0
configure:7995: result: ok
configure:8032: checking for sysroot
configure:8062: result: no
configure:8318: checking for mt
configure:8334: found /bin/mt
configure:8345: result: mt
configure:8368: checking if mt is a manifest tool
configure:8374: mt '-?'
configure:8382: result: no
configure:9021: checking for dlfcn.h
configure:9021: gcc -c -g -O2  conftest.c >&5
configure:9021: $? = 0
configure:9021: result: yes
configure:9226: checking for objdir
configure:9241: result: .libs
configure:9512: checking if gcc supports -fno-rtti -fno-exceptions
configure:9530: gcc -c -g -O2  -fno-rtti -fno-exceptions conftest.c >&5
cc1: warning: command line option '-fno-rtti' is valid for C++/ObjC++ but not for C [enabled by default]
configure:9534: $? = 0
configure:9547: result: no
configure:9874: checking for gcc option to produce PIC
configure:9881: result: -fPIC -DPIC
configure:9889: checking if gcc PIC flag -fPIC -DPIC works
configure:9907: gcc -c -g -O2  -fPIC -DPIC -DPIC conftest.c >&5
configure:9911: $? = 0
configure:9924: result: yes
configure:9953: checking if gcc static flag -static works
configure:9981: result: yes
configure:9996: checking if gcc supports -c -o file.o
configure:10017: gcc -c -g -O2  -o out/conftest2.o conftest.c >&5
configure:10021: $? = 0
configure:10043: result: yes
configure:10051: checking if gcc supports -c -o file.o
configure:10098: result: yes
configure:10131: checking whether the gcc linker (/usr/bin/ld) supports shared libraries
configure:11288: result: yes
configure:11528: checking dynamic linker characteristics
configure:12028: gcc -o conftest -g -O2   -Wl,-rpath -Wl,/foo conftest.c  >&5
configure:12028: $? = 0
configure:12262: result: GNU/Linux ld.so
configure:12369: checking how to hardcode library paths into programs
configure:12394: result: immediate
configure:12934: checking whether stripping libraries is possible
configure:12939: result: yes
configure:12974: checking if libtool supports shared libraries
configure:12976: result: yes
configure:12979: checking whether to build shared libraries
configure:13000: result: no
configure:13003: checking whether to build static libraries
configure:13007: result: yes
configure:13059: checking sys/mman.h usability
configure:13059: gcc -c -g -O2  conftest.c >&5
configure:13059: $? = 0
configure:13059: result: yes
configure:13059: checking sys/mman.h presence
configure:13059: gcc -E  conftest.c
configure:13059: $? = 0
configure:13059: result: yes
configure:13059: checking for sys/mman.h
configure:13059: result: yes
configure:13059: checking wchar.h usability
configure:13059: gcc -c -g -O2  conftest.c >&5
configure:13059: $? = 0
configure:13059: result: yes
configure:13059: checking wchar.h presence
configure:13059: gcc -E  conftest.c
configure:13059: $? = 0
configure:13059: result: yes
configure:13059: checking for wchar.h
configure:13059: result: yes
configure:13059: checking for stdint.h
configure:13059: result: yes
configure:13080: checking for mprotect
configure:13080: gcc -o conftest -g -O2   conftest.c  >&5
configure:13080: $? = 0
configure:13080: result: yes
configure:13080: checking for sigaction
configure:13080: gcc -o conftest -g -O2   conftest.c  >&5
configure:13080: $? = 0
configure:13080: result: yes
configure:13080: checking for sigaltstack
configure:13080: gcc -o conftest -g -O2   conftest.c  >&5
configure:13080: $? = 0
configure:13080: result: yes
configure:13080: checking for siginterrupt
configure:13080: gcc -o conftest -g -O2   conftest.c  >&5
configure:13080: $? = 0
configure:13080: result: yes
configure:13171: checking for mmap
configure:13171: gcc -o conftest -g -O2   conftest.c  >&5
configure:13171: $? = 0
configure:13171: result: yes
configure:13182: checking for MAP_ANONYMOUS
configure:13219: result: yes
configure:13253: checking whether memchr works
configure:13316: gcc -o conftest -g -O2   conftest.c  >&5
configure:13316: $? = 0
configure:13316: ./conftest
configure:13316: $? = 0
configure:13326: result: yes
configure:13334: checking whether memmem is declared
configure:13334: gcc -c -g -O2  conftest.c >&5
configure:13334: $? = 0
configure:13334: result: yes
configure:13352: checking for memmem
configure:13352: gcc -o conftest -g -O2   conftest.c  >&5
configure:13352: $? = 0
configure:13352: result: yes
configure:13376: checking whether memmem works
configure:13440: gcc -o conftest -g -O2   conftest.c  >&5
configure:13440: $? = 0
configure:13440: ./conftest
configure:13440: $? = 0
configure:13451: result: yes
configure:13469: gcc -c -g -O2  conftest.c >&5
conftest.c:42:10: error: unknown type name 'not'
conftest.c:42:16: error: expected '=', ',', ';', 'asm' or '__attribute__' before 'universal'
conftest.c:42:16: error: unknown type name 'universal'
configure:13469: $? = 1
configure: failed program was:
| /* confdefs.h */
| #define PACKAGE_NAME "cgminer"
| #define PACKAGE_TARNAME "cgminer"
| #define PACKAGE_VERSION "3.9.0"
| #define PACKAGE_STRING "cgminer 3.9.0"
| #define PACKAGE_BUGREPORT "kernel@kolivas.org"
| #define PACKAGE_URL ""
| #define PACKAGE "cgminer"
| #define VERSION "3.9.0"
| #define STDC_HEADERS 1
| #define HAVE_SYS_TYPES_H 1
| #define HAVE_SYS_STAT_H 1
| #define HAVE_STDLIB_H 1
| #define HAVE_STRING_H 1
| #define HAVE_MEMORY_H 1
| #define HAVE_STRINGS_H 1
| #define HAVE_INTTYPES_H 1
| #define HAVE_STDINT_H 1
| #define HAVE_UNISTD_H 1
| #define __EXTENSIONS__ 1
| #define _ALL_SOURCE 1
| #define _GNU_SOURCE 1
| #define _POSIX_PTHREAD_SEMANTICS 1
| #define _TANDEM_SOURCE 1
| #define CGMINER_MAJOR_VERSION 3
| #define CGMINER_MINOR_VERSION 9
| #define CGMINER_MINOR_SUBVERSION 0
| #define HAVE_DLFCN_H 1
| #define LT_OBJDIR ".libs/"
| #define HAVE_SYS_MMAN_H 1
| #define HAVE_WCHAR_H 1
| #define HAVE_STDINT_H 1
| #define HAVE_MPROTECT 1
| #define HAVE_SIGACTION 1
| #define HAVE_SIGALTSTACK 1
| #define HAVE_SIGINTERRUPT 1
| #define HAVE_MAP_ANONYMOUS 1
| #define HAVE_DECL_MEMMEM 1
| #define HAVE_MEMMEM 1
| /* end confdefs.h.  */
| #ifndef __APPLE_CC__
|          not a universal capable compiler
|         #endif
|         typedef int dummy;
| 
configure:13520: checking for C/C++ restrict keyword
configure:13545: gcc -c -g -O2  conftest.c >&5
configure:13545: $? = 0
configure:13553: result: __restrict
configure:13566: checking for uid_t in sys/types.h
configure:13585: result: yes
configure:13596: checking for inline
configure:13612: gcc -c -g -O2  conftest.c >&5
configure:13612: $? = 0
configure:13620: result: inline
configure:13653: checking whether the preprocessor supports include_next
configure:13691: gcc -c -g -O2  -Iconftestd1b -Iconftestd2 conftest.c >&5
configure:13691: $? = 0
configure:13712: result: yes
configure:13733: checking whether system header files limit the line length
configure:13756: result: no
configure:13770: checking for wchar_t
configure:13787: gcc -c -g -O2  conftest.c >&5
configure:13787: $? = 0
configure:13794: result: yes
configure:13803: checking for unsigned long long int
configure:13842: gcc -o conftest -g -O2   conftest.c  >&5
configure:13842: $? = 0
configure:13851: result: yes
configure:13861: checking for long long int
configure:13899: gcc -o conftest -g -O2   conftest.c  >&5
configure:13899: $? = 0
configure:13899: ./conftest
configure:13899: $? = 0
configure:13911: result: yes
configure:14048: checking whether stdint.h conforms to C99
configure:14219: gcc -c -g -O2  conftest.c >&5
configure:14219: $? = 0
configure:14301: gcc -o conftest -g -O2   conftest.c  >&5
configure:14301: $? = 0
configure:14301: ./conftest
configure:14301: $? = 0
configure:14313: result: yes
configure:14712: checking whether memmem is declared without a macro
configure:14730: gcc -c -g -O2  conftest.c >&5
configure:14730: $? = 0
configure:14738: result: yes
configure:14712: checking whether mempcpy is declared without a macro
configure:14730: gcc -c -g -O2  conftest.c >&5
configure:14730: $? = 0
configure:14738: result: yes
configure:14712: checking whether memrchr is declared without a macro
configure:14730: gcc -c -g -O2  conftest.c >&5
configure:14730: $? = 0
configure:14738: result: yes
configure:14712: checking whether rawmemchr is declared without a macro
configure:14730: gcc -c -g -O2  conftest.c >&5
configure:14730: $? = 0
configure:14738: result: yes
configure:14712: checking whether stpcpy is declared without a macro
configure:14730: gcc -c -g -O2  conftest.c >&5
configure:14730: $? = 0
configure:14738: result: yes
configure:14712: checking whether stpncpy is declared without a macro
configure:14730: gcc -c -g -O2  conftest.c >&5
configure:14730: $? = 0
configure:14738: result: yes
configure:14712: checking whether strchrnul is declared without a macro
configure:14730: gcc -c -g -O2  conftest.c >&5
configure:14730: $? = 0
configure:14738: result: yes
configure:14712: checking whether strdup is declared without a macro
configure:14730: gcc -c -g -O2  conftest.c >&5
configure:14730: $? = 0
configure:14738: result: yes
configure:14712: checking whether strncat is declared without a macro
configure:14730: gcc -c -g -O2  conftest.c >&5
configure:14730: $? = 0
configure:14738: result: yes
configure:14712: checking whether strndup is declared without a macro
configure:14730: gcc -c -g -O2  conftest.c >&5
configure:14730: $? = 0
configure:14738: result: yes
configure:14712: checking whether strnlen is declared without a macro
configure:14730: gcc -c -g -O2  conftest.c >&5
configure:14730: $? = 0
configure:14738: result: yes
configure:14712: checking whether strpbrk is declared without a macro
configure:14730: gcc -c -g -O2  conftest.c >&5
configure:14730: $? = 0
configure:14738: result: yes
configure:14712: checking whether strsep is declared without a macro
configure:14730: gcc -c -g -O2  conftest.c >&5
configure:14730: $? = 0
configure:14738: result: yes
configure:14712: checking whether strcasestr is declared without a macro
configure:14730: gcc -c -g -O2  conftest.c >&5
configure:14730: $? = 0
configure:14738: result: yes
configure:14712: checking whether strtok_r is declared without a macro
configure:14730: gcc -c -g -O2  conftest.c >&5
configure:14730: $? = 0
configure:14738: result: yes
configure:14712: checking whether strerror_r is declared without a macro
configure:14730: gcc -c -g -O2  conftest.c >&5
configure:14730: $? = 0
configure:14738: result: yes
configure:14712: checking whether strsignal is declared without a macro
configure:14730: gcc -c -g -O2  conftest.c >&5
configure:14730: $? = 0
configure:14738: result: yes
configure:14712: checking whether strverscmp is declared without a macro
configure:14730: gcc -c -g -O2  conftest.c >&5
configure:14730: $? = 0
configure:14738: result: yes
configure:14818: checking whether memmem works in linear time
configure:14889: gcc -o conftest -g -O2   conftest.c  >&5
configure:14889: $? = 0
configure:14889: ./conftest
configure:14889: $? = 0
configure:14900: result: yes
configure:14925: checking for memmem
configure:14925: result: yes
configure:14949: checking whether memmem works
configure:15024: result: yes
configure:15070: checking for struct sigaction.sa_sigaction
configure:15070: gcc -c -g -O2  conftest.c >&5
configure:15070: $? = 0
configure:15070: result: yes
configure:15205: checking for volatile sig_atomic_t
configure:15205: gcc -c -g -O2  conftest.c >&5
configure:15205: $? = 0
configure:15205: gcc -c -g -O2  conftest.c >&5
conftest.c: In function 'main':
conftest.c:75:36: error: expected expression before ')' token
configure:15205: $? = 1
configure: failed program was:
| /* confdefs.h */
| #define PACKAGE_NAME "cgminer"
| #define PACKAGE_TARNAME "cgminer"
| #define PACKAGE_VERSION "3.9.0"
| #define PACKAGE_STRING "cgminer 3.9.0"
| #define PACKAGE_BUGREPORT "kernel@kolivas.org"
| #define PACKAGE_URL ""
| #define PACKAGE "cgminer"
| #define VERSION "3.9.0"
| #define STDC_HEADERS 1
| #define HAVE_SYS_TYPES_H 1
| #define HAVE_SYS_STAT_H 1
| #define HAVE_STDLIB_H 1
| #define HAVE_STRING_H 1
| #define HAVE_MEMORY_H 1
| #define HAVE_STRINGS_H 1
| #define HAVE_INTTYPES_H 1
| #define HAVE_STDINT_H 1
| #define HAVE_UNISTD_H 1
| #define __EXTENSIONS__ 1
| #define _ALL_SOURCE 1
| #define _GNU_SOURCE 1
| #define _POSIX_PTHREAD_SEMANTICS 1
| #define _TANDEM_SOURCE 1
| #define CGMINER_MAJOR_VERSION 3
| #define CGMINER_MINOR_VERSION 9
| #define CGMINER_MINOR_SUBVERSION 0
| #define HAVE_DLFCN_H 1
| #define LT_OBJDIR ".libs/"
| #define HAVE_SYS_MMAN_H 1
| #define HAVE_WCHAR_H 1
| #define HAVE_STDINT_H 1
| #define HAVE_MPROTECT 1
| #define HAVE_SIGACTION 1
| #define HAVE_SIGALTSTACK 1
| #define HAVE_SIGINTERRUPT 1
| #define HAVE_MAP_ANONYMOUS 1
| #define HAVE_DECL_MEMMEM 1
| #define HAVE_MEMMEM 1
| #define restrict __restrict
| #define HAVE_WCHAR_T 1
| #define HAVE_UNSIGNED_LONG_LONG_INT 1
| #define HAVE_LONG_LONG_INT 1
| #define HAVE_RAW_DECL_MEMMEM 1
| #define HAVE_RAW_DECL_MEMPCPY 1
| #define HAVE_RAW_DECL_MEMRCHR 1
| #define HAVE_RAW_DECL_RAWMEMCHR 1
| #define HAVE_RAW_DECL_STPCPY 1
| #define HAVE_RAW_DECL_STPNCPY 1
| #define HAVE_RAW_DECL_STRCHRNUL 1
| #define HAVE_RAW_DECL_STRDUP 1
| #define HAVE_RAW_DECL_STRNCAT 1
| #define HAVE_RAW_DECL_STRNDUP 1
| #define HAVE_RAW_DECL_STRNLEN 1
| #define HAVE_RAW_DECL_STRPBRK 1
| #define HAVE_RAW_DECL_STRSEP 1
| #define HAVE_RAW_DECL_STRCASESTR 1
| #define HAVE_RAW_DECL_STRTOK_R 1
| #define HAVE_RAW_DECL_STRERROR_R 1
| #define HAVE_RAW_DECL_STRSIGNAL 1
| #define HAVE_RAW_DECL_STRVERSCMP 1
| #define GNULIB_TEST_MEMCHR 1
| #define HAVE_MEMMEM 1
| #define GNULIB_TEST_MEMMEM 1
| #define HAVE_STRUCT_SIGACTION_SA_SIGACTION 1
| #define GNULIB_TEST_SIGACTION 1
| /* end confdefs.h.  */
| 
| #include <signal.h>
| 
| 
| int
| main ()
| {
| if (sizeof ((volatile sig_atomic_t)))
| 	    return 0;
|   ;
|   return 0;
| }
configure:15205: result: yes
configure:15219: checking for sighandler_t
configure:15219: gcc -c -g -O2  conftest.c >&5
configure:15219: $? = 0
configure:15219: gcc -c -g -O2  conftest.c >&5
conftest.c: In function 'main':
conftest.c:75:27: error: expected expression before ')' token
configure:15219: $? = 1
configure: failed program was:
| /* confdefs.h */
| #define PACKAGE_NAME "cgminer"
| #define PACKAGE_TARNAME "cgminer"
| #define PACKAGE_VERSION "3.9.0"
| #define PACKAGE_STRING "cgminer 3.9.0"
| #define PACKAGE_BUGREPORT "kernel@kolivas.org"
| #define PACKAGE_URL ""
| #define PACKAGE "cgminer"
| #define VERSION "3.9.0"
| #define STDC_HEADERS 1
| #define HAVE_SYS_TYPES_H 1
| #define HAVE_SYS_STAT_H 1
| #define HAVE_STDLIB_H 1
| #define HAVE_STRING_H 1
| #define HAVE_MEMORY_H 1
| #define HAVE_STRINGS_H 1
| #define HAVE_INTTYPES_H 1
| #define HAVE_STDINT_H 1
| #define HAVE_UNISTD_H 1
| #define __EXTENSIONS__ 1
| #define _ALL_SOURCE 1
| #define _GNU_SOURCE 1
| #define _POSIX_PTHREAD_SEMANTICS 1
| #define _TANDEM_SOURCE 1
| #define CGMINER_MAJOR_VERSION 3
| #define CGMINER_MINOR_VERSION 9
| #define CGMINER_MINOR_SUBVERSION 0
| #define HAVE_DLFCN_H 1
| #define LT_OBJDIR ".libs/"
| #define HAVE_SYS_MMAN_H 1
| #define HAVE_WCHAR_H 1
| #define HAVE_STDINT_H 1
| #define HAVE_MPROTECT 1
| #define HAVE_SIGACTION 1
| #define HAVE_SIGALTSTACK 1
| #define HAVE_SIGINTERRUPT 1
| #define HAVE_MAP_ANONYMOUS 1
| #define HAVE_DECL_MEMMEM 1
| #define HAVE_MEMMEM 1
| #define restrict __restrict
| #define HAVE_WCHAR_T 1
| #define HAVE_UNSIGNED_LONG_LONG_INT 1
| #define HAVE_LONG_LONG_INT 1
| #define HAVE_RAW_DECL_MEMMEM 1
| #define HAVE_RAW_DECL_MEMPCPY 1
| #define HAVE_RAW_DECL_MEMRCHR 1
| #define HAVE_RAW_DECL_RAWMEMCHR 1
| #define HAVE_RAW_DECL_STPCPY 1
| #define HAVE_RAW_DECL_STPNCPY 1
| #define HAVE_RAW_DECL_STRCHRNUL 1
| #define HAVE_RAW_DECL_STRDUP 1
| #define HAVE_RAW_DECL_STRNCAT 1
| #define HAVE_RAW_DECL_STRNDUP 1
| #define HAVE_RAW_DECL_STRNLEN 1
| #define HAVE_RAW_DECL_STRPBRK 1
| #define HAVE_RAW_DECL_STRSEP 1
| #define HAVE_RAW_DECL_STRCASESTR 1
| #define HAVE_RAW_DECL_STRTOK_R 1
| #define HAVE_RAW_DECL_STRERROR_R 1
| #define HAVE_RAW_DECL_STRSIGNAL 1
| #define HAVE_RAW_DECL_STRVERSCMP 1
| #define GNULIB_TEST_MEMCHR 1
| #define HAVE_MEMMEM 1
| #define GNULIB_TEST_MEMMEM 1
| #define HAVE_STRUCT_SIGACTION_SA_SIGACTION 1
| #define GNULIB_TEST_SIGACTION 1
| /* end confdefs.h.  */
| 
| #include <signal.h>
| 
| 
| int
| main ()
| {
| if (sizeof ((sighandler_t)))
| 	    return 0;
|   ;
|   return 0;
| }
configure:15219: result: yes
configure:15233: checking whether sigaction is declared without a macro
configure:15251: gcc -c -g -O2  conftest.c >&5
configure:15251: $? = 0
configure:15259: result: yes
configure:15233: checking whether sigaddset is declared without a macro
configure:15251: gcc -c -g -O2  conftest.c >&5
configure:15251: $? = 0
configure:15259: result: yes
configure:15233: checking whether sigdelset is declared without a macro
configure:15251: gcc -c -g -O2  conftest.c >&5
configure:15251: $? = 0
configure:15259: result: yes
configure:15233: checking whether sigemptyset is declared without a macro
configure:15251: gcc -c -g -O2  conftest.c >&5
configure:15251: $? = 0
configure:15259: result: yes
configure:15233: checking whether sigfillset is declared without a macro
configure:15251: gcc -c -g -O2  conftest.c >&5
configure:15251: $? = 0
configure:15259: result: yes
configure:15233: checking whether sigismember is declared without a macro
configure:15251: gcc -c -g -O2  conftest.c >&5
configure:15251: $? = 0
configure:15259: result: yes
configure:15233: checking whether sigpending is declared without a macro
configure:15251: gcc -c -g -O2  conftest.c >&5
configure:15251: $? = 0
configure:15259: result: yes
configure:15233: checking whether sigprocmask is declared without a macro
configure:15251: gcc -c -g -O2  conftest.c >&5
configure:15251: $? = 0
configure:15259: result: yes
configure:15288: checking for sigprocmask
configure:15288: gcc -o conftest -g -O2   conftest.c  >&5
configure:15288: $? = 0
configure:15288: result: yes
configure:15355: checking whether NULL can be used in arbitrary expressions
configure:15373: gcc -c -g -O2  conftest.c >&5
configure:15373: $? = 0
configure:15380: result: yes
configure:15495: checking for ANSI C header files
configure:15599: result: yes
configure:15609: checking syslog.h usability
configure:15609: gcc -c -g -O2  conftest.c >&5
configure:15609: $? = 0
configure:15609: result: yes
configure:15609: checking syslog.h presence
configure:15609: gcc -E  conftest.c
configure:15609: $? = 0
configure:15609: result: yes
configure:15609: checking for syslog.h
configure:15609: result: yes
configure:15620: checking for size_t
configure:15620: gcc -c -g -O2  conftest.c >&5
configure:15620: $? = 0
configure:15620: gcc -c -g -O2  conftest.c >&5
conftest.c: In function 'main':
conftest.c:115:21: error: expected expression before ')' token
configure:15620: $? = 1
configure: failed program was:
| /* confdefs.h */
| #define PACKAGE_NAME "cgminer"
| #define PACKAGE_TARNAME "cgminer"
| #define PACKAGE_VERSION "3.9.0"
| #define PACKAGE_STRING "cgminer 3.9.0"
| #define PACKAGE_BUGREPORT "kernel@kolivas.org"
| #define PACKAGE_URL ""
| #define PACKAGE "cgminer"
| #define VERSION "3.9.0"
| #define STDC_HEADERS 1
| #define HAVE_SYS_TYPES_H 1
| #define HAVE_SYS_STAT_H 1
| #define HAVE_STDLIB_H 1
| #define HAVE_STRING_H 1
| #define HAVE_MEMORY_H 1
| #define HAVE_STRINGS_H 1
| #define HAVE_INTTYPES_H 1
| #define HAVE_STDINT_H 1
| #define HAVE_UNISTD_H 1
| #define __EXTENSIONS__ 1
| #define _ALL_SOURCE 1
| #define _GNU_SOURCE 1
| #define _POSIX_PTHREAD_SEMANTICS 1
| #define _TANDEM_SOURCE 1
| #define CGMINER_MAJOR_VERSION 3
| #define CGMINER_MINOR_VERSION 9
| #define CGMINER_MINOR_SUBVERSION 0
| #define HAVE_DLFCN_H 1
| #define LT_OBJDIR ".libs/"
| #define HAVE_SYS_MMAN_H 1
| #define HAVE_WCHAR_H 1
| #define HAVE_STDINT_H 1
| #define HAVE_MPROTECT 1
| #define HAVE_SIGACTION 1
| #define HAVE_SIGALTSTACK 1
| #define HAVE_SIGINTERRUPT 1
| #define HAVE_MAP_ANONYMOUS 1
| #define HAVE_DECL_MEMMEM 1
| #define HAVE_MEMMEM 1
| #define restrict __restrict
| #define HAVE_WCHAR_T 1
| #define HAVE_UNSIGNED_LONG_LONG_INT 1
| #define HAVE_LONG_LONG_INT 1
| #define HAVE_RAW_DECL_MEMMEM 1
| #define HAVE_RAW_DECL_MEMPCPY 1
| #define HAVE_RAW_DECL_MEMRCHR 1
| #define HAVE_RAW_DECL_RAWMEMCHR 1
| #define HAVE_RAW_DECL_STPCPY 1
| #define HAVE_RAW_DECL_STPNCPY 1
| #define HAVE_RAW_DECL_STRCHRNUL 1
| #define HAVE_RAW_DECL_STRDUP 1
| #define HAVE_RAW_DECL_STRNCAT 1
| #define HAVE_RAW_DECL_STRNDUP 1
| #define HAVE_RAW_DECL_STRNLEN 1
| #define HAVE_RAW_DECL_STRPBRK 1
| #define HAVE_RAW_DECL_STRSEP 1
| #define HAVE_RAW_DECL_STRCASESTR 1
| #define HAVE_RAW_DECL_STRTOK_R 1
| #define HAVE_RAW_DECL_STRERROR_R 1
| #define HAVE_RAW_DECL_STRSIGNAL 1
| #define HAVE_RAW_DECL_STRVERSCMP 1
| #define GNULIB_TEST_MEMCHR 1
| #define HAVE_MEMMEM 1
| #define GNULIB_TEST_MEMMEM 1
| #define HAVE_STRUCT_SIGACTION_SA_SIGACTION 1
| #define GNULIB_TEST_SIGACTION 1
| #define HAVE_RAW_DECL_SIGACTION 1
| #define HAVE_RAW_DECL_SIGADDSET 1
| #define HAVE_RAW_DECL_SIGDELSET 1
| #define HAVE_RAW_DECL_SIGEMPTYSET 1
| #define HAVE_RAW_DECL_SIGFILLSET 1
| #define HAVE_RAW_DECL_SIGISMEMBER 1
| #define HAVE_RAW_DECL_SIGPENDING 1
| #define HAVE_RAW_DECL_SIGPROCMASK 1
| #define GNULIB_TEST_SIGPROCMASK 1
| #define STDC_HEADERS 1
| #define HAVE_SYSLOG_H 1
| /* end confdefs.h.  */
| #include <stdio.h>
| #ifdef HAVE_SYS_TYPES_H
| # include <sys/types.h>
| #endif
| #ifdef HAVE_SYS_STAT_H
| # include <sys/stat.h>
| #endif
| #ifdef STDC_HEADERS
| # include <stdlib.h>
| # include <stddef.h>
| #else
| # ifdef HAVE_STDLIB_H
| #  include <stdlib.h>
| # endif
| #endif
| #ifdef HAVE_STRING_H
| # if !defined STDC_HEADERS && defined HAVE_MEMORY_H
| #  include <memory.h>
| # endif
| # include <string.h>
| #endif
| #ifdef HAVE_STRINGS_H
| # include <strings.h>
| #endif
| #ifdef HAVE_INTTYPES_H
| # include <inttypes.h>
| #endif
| #ifdef HAVE_STDINT_H
| # include <stdint.h>
| #endif
| #ifdef HAVE_UNISTD_H
| # include <unistd.h>
| #endif
| int
| main ()
| {
| if (sizeof ((size_t)))
| 	    return 0;
|   ;
|   return 0;
| }
configure:15620: result: yes
configure:15633: checking for working alloca.h
configure:15650: gcc -o conftest -g -O2   conftest.c  >&5
configure:15650: $? = 0
configure:15658: result: yes
configure:15666: checking for alloca
configure:15703: gcc -o conftest -g -O2   conftest.c  >&5
configure:15703: $? = 0
configure:15711: result: yes
configure:15927: checking for pthread_create in -lpthread
configure:15952: gcc -o conftest -g -O2   conftest.c -lpthread   >&5
configure:15952: $? = 0
configure:15961: result: yes
configure:15978: checking for bcm2835_init in -lbcm2835
configure:16003: gcc -o conftest -g -O2   conftest.c -lbcm2835  -lpthread  >&5
/usr/local/lib/libbcm2835.a(bcm2835.o): In function `bcm2835_delayMicroseconds':
/home/pi/lichen/inno-usb-nios-single-cgminer-3.1.1/bcm2835-1.16/src/bcm2835.c:364: undefined reference to `clock_gettime'
/home/pi/lichen/inno-usb-nios-single-cgminer-3.1.1/bcm2835-1.16/src/bcm2835.c:374: undefined reference to `clock_gettime'
collect2: ld returned 1 exit status
configure:16003: $? = 1
configure: failed program was:
| /* confdefs.h */
| #define PACKAGE_NAME "cgminer"
| #define PACKAGE_TARNAME "cgminer"
| #define PACKAGE_VERSION "3.9.0"
| #define PACKAGE_STRING "cgminer 3.9.0"
| #define PACKAGE_BUGREPORT "kernel@kolivas.org"
| #define PACKAGE_URL ""
| #define PACKAGE "cgminer"
| #define VERSION "3.9.0"
| #define STDC_HEADERS 1
| #define HAVE_SYS_TYPES_H 1
| #define HAVE_SYS_STAT_H 1
| #define HAVE_STDLIB_H 1
| #define HAVE_STRING_H 1
| #define HAVE_MEMORY_H 1
| #define HAVE_STRINGS_H 1
| #define HAVE_INTTYPES_H 1
| #define HAVE_STDINT_H 1
| #define HAVE_UNISTD_H 1
| #define __EXTENSIONS__ 1
| #define _ALL_SOURCE 1
| #define _GNU_SOURCE 1
| #define _POSIX_PTHREAD_SEMANTICS 1
| #define _TANDEM_SOURCE 1
| #define CGMINER_MAJOR_VERSION 3
| #define CGMINER_MINOR_VERSION 9
| #define CGMINER_MINOR_SUBVERSION 0
| #define HAVE_DLFCN_H 1
| #define LT_OBJDIR ".libs/"
| #define HAVE_SYS_MMAN_H 1
| #define HAVE_WCHAR_H 1
| #define HAVE_STDINT_H 1
| #define HAVE_MPROTECT 1
| #define HAVE_SIGACTION 1
| #define HAVE_SIGALTSTACK 1
| #define HAVE_SIGINTERRUPT 1
| #define HAVE_MAP_ANONYMOUS 1
| #define HAVE_DECL_MEMMEM 1
| #define HAVE_MEMMEM 1
| #define restrict __restrict
| #define HAVE_WCHAR_T 1
| #define HAVE_UNSIGNED_LONG_LONG_INT 1
| #define HAVE_LONG_LONG_INT 1
| #define HAVE_RAW_DECL_MEMMEM 1
| #define HAVE_RAW_DECL_MEMPCPY 1
| #define HAVE_RAW_DECL_MEMRCHR 1
| #define HAVE_RAW_DECL_RAWMEMCHR 1
| #define HAVE_RAW_DECL_STPCPY 1
| #define HAVE_RAW_DECL_STPNCPY 1
| #define HAVE_RAW_DECL_STRCHRNUL 1
| #define HAVE_RAW_DECL_STRDUP 1
| #define HAVE_RAW_DECL_STRNCAT 1
| #define HAVE_RAW_DECL_STRNDUP 1
| #define HAVE_RAW_DECL_STRNLEN 1
| #define HAVE_RAW_DECL_STRPBRK 1
| #define HAVE_RAW_DECL_STRSEP 1
| #define HAVE_RAW_DECL_STRCASESTR 1
| #define HAVE_RAW_DECL_STRTOK_R 1
| #define HAVE_RAW_DECL_STRERROR_R 1
| #define HAVE_RAW_DECL_STRSIGNAL 1
| #define HAVE_RAW_DECL_STRVERSCMP 1
| #define GNULIB_TEST_MEMCHR 1
| #define HAVE_MEMMEM 1
| #define GNULIB_TEST_MEMMEM 1
| #define HAVE_STRUCT_SIGACTION_SA_SIGACTION 1
| #define GNULIB_TEST_SIGACTION 1
| #define HAVE_RAW_DECL_SIGACTION 1
| #define HAVE_RAW_DECL_SIGADDSET 1
| #define HAVE_RAW_DECL_SIGDELSET 1
| #define HAVE_RAW_DECL_SIGEMPTYSET 1
| #define HAVE_RAW_DECL_SIGFILLSET 1
| #define HAVE_RAW_DECL_SIGISMEMBER 1
| #define HAVE_RAW_DECL_SIGPENDING 1
| #define HAVE_RAW_DECL_SIGPROCMASK 1
| #define GNULIB_TEST_SIGPROCMASK 1
| #define STDC_HEADERS 1
| #define HAVE_SYSLOG_H 1
| #define HAVE_ALLOCA_H 1
| #define HAVE_ALLOCA 1
| #define HAVE_LIBPTHREAD 1
| /* end confdefs.h.  */
| 
| /* Override any GCC internal prototype to avoid an error.
|    Use char because int might match the return type of a GCC
|    builtin and then its argument prototype would still apply.  */
| #ifdef __cplusplus
| extern "C"
| #endif
| char bcm2835_init ();
| int
| main ()
| {
| return bcm2835_init ();
|   ;
|   return 0;
| }
configure:16012: result: no
configure:16022: error: Could not find bcm2835 library - please install libbcm2835

## ---------------- ##
## Cache variables. ##
## ---------------- ##

ac_cv_build=armv6l-unknown-linux-gnueabihf
ac_cv_c_compiler_gnu=yes
ac_cv_c_inline=inline
ac_cv_c_restrict=__restrict
ac_cv_env_CC_set=
ac_cv_env_CC_value=
ac_cv_env_CFLAGS_set=
ac_cv_env_CFLAGS_value=
ac_cv_env_CPPFLAGS_set=
ac_cv_env_CPPFLAGS_value=
ac_cv_env_CPP_set=
ac_cv_env_CPP_value=
ac_cv_env_LDFLAGS_set=
ac_cv_env_LDFLAGS_value=
ac_cv_env_LIBCURL_CFLAGS_set=
ac_cv_env_LIBCURL_CFLAGS_value=
ac_cv_env_LIBCURL_LIBS_set=
ac_cv_env_LIBCURL_LIBS_value=
ac_cv_env_LIBS_set=
ac_cv_env_LIBS_value=
ac_cv_env_LIBUSB_CFLAGS_set=
ac_cv_env_LIBUSB_CFLAGS_value=
ac_cv_env_LIBUSB_LIBS_set=
ac_cv_env_LIBUSB_LIBS_value=
ac_cv_env_PKG_CONFIG_LIBDIR_set=
ac_cv_env_PKG_CONFIG_LIBDIR_value=
ac_cv_env_PKG_CONFIG_PATH_set=
ac_cv_env_PKG_CONFIG_PATH_value=
ac_cv_env_PKG_CONFIG_set=
ac_cv_env_PKG_CONFIG_value=
ac_cv_env_build_alias_set=
ac_cv_env_build_alias_value=
ac_cv_env_host_alias_set=
ac_cv_env_host_alias_value=
ac_cv_env_target_alias_set=
ac_cv_env_target_alias_value=
ac_cv_func_alloca_works=yes
ac_cv_func_memmem=yes
ac_cv_func_mmap=yes
ac_cv_func_mprotect=yes
ac_cv_func_sigaction=yes
ac_cv_func_sigaltstack=yes
ac_cv_func_siginterrupt=yes
ac_cv_func_sigprocmask=yes
ac_cv_have_decl_memmem=yes
ac_cv_have_decl_mempcpy=yes
ac_cv_have_decl_memrchr=yes
ac_cv_have_decl_rawmemchr=yes
ac_cv_have_decl_sigaction=yes
ac_cv_have_decl_sigaddset=yes
ac_cv_have_decl_sigdelset=yes
ac_cv_have_decl_sigemptyset=yes
ac_cv_have_decl_sigfillset=yes
ac_cv_have_decl_sigismember=yes
ac_cv_have_decl_sigpending=yes
ac_cv_have_decl_sigprocmask=yes
ac_cv_have_decl_stpcpy=yes
ac_cv_have_decl_stpncpy=yes
ac_cv_have_decl_strcasestr=yes
ac_cv_have_decl_strchrnul=yes
ac_cv_have_decl_strdup=yes
ac_cv_have_decl_strerror_r=yes
ac_cv_have_decl_strncat=yes
ac_cv_have_decl_strndup=yes
ac_cv_have_decl_strnlen=yes
ac_cv_have_decl_strpbrk=yes
ac_cv_have_decl_strsep=yes
ac_cv_have_decl_strsignal=yes
ac_cv_have_decl_strtok_r=yes
ac_cv_have_decl_strverscmp=yes
ac_cv_header_dlfcn_h=yes
ac_cv_header_inttypes_h=yes
ac_cv_header_memory_h=yes
ac_cv_header_minix_config_h=no
ac_cv_header_stdc=yes
ac_cv_header_stdint_h=yes
ac_cv_header_stdlib_h=yes
ac_cv_header_string_h=yes
ac_cv_header_strings_h=yes
ac_cv_header_sys_mman_h=yes
ac_cv_header_sys_stat_h=yes
ac_cv_header_sys_types_h=yes
ac_cv_header_syslog_h=yes
ac_cv_header_unistd_h=yes
ac_cv_header_wchar_h=yes
ac_cv_host=armv6l-unknown-linux-gnueabihf
ac_cv_lib_bcm2835_bcm2835_init=no
ac_cv_lib_pthread_pthread_create=yes
ac_cv_member_struct_sigaction_sa_sigaction=yes
ac_cv_objext=o
ac_cv_path_EGREP='/bin/grep -E'
ac_cv_path_FGREP='/bin/grep -F'
ac_cv_path_GREP=/bin/grep
ac_cv_path_SED=/bin/sed
ac_cv_path_install='/usr/bin/install -c'
ac_cv_path_mkdir=/bin/mkdir
ac_cv_prog_AWK=mawk
ac_cv_prog_CPP='gcc -E'
ac_cv_prog_ac_ct_AR=ar
ac_cv_prog_ac_ct_CC=gcc
ac_cv_prog_ac_ct_MANIFEST_TOOL=mt
ac_cv_prog_ac_ct_OBJDUMP=objdump
ac_cv_prog_ac_ct_RANLIB=ranlib
ac_cv_prog_ac_ct_STRIP=strip
ac_cv_prog_cc_c89=
ac_cv_prog_cc_g=yes
ac_cv_prog_cc_gcc_c_o=yes
ac_cv_prog_gcc_traditional=no
ac_cv_prog_make_make_set=yes
ac_cv_safe_to_define___extensions__=yes
ac_cv_target=armv6l-unknown-linux-gnueabihf
ac_cv_type_long_long_int=yes
ac_cv_type_sighandler_t=yes
ac_cv_type_size_t=yes
ac_cv_type_uid_t=yes
ac_cv_type_unsigned_long_long_int=yes
ac_cv_type_volatile_sig_atomic_t=yes
ac_cv_working_alloca_h=yes
am_cv_CC_dependencies_compiler_type=gcc3
am_cv_make_support_nested_variables=yes
gl_cv_c_multiarch=no
gl_cv_decl_null_works=yes
gl_cv_func_memchr_works=yes
gl_cv_func_memmem_works_always=yes
gl_cv_func_memmem_works_fast=yes
gl_cv_func_sigprocmask=1
gl_cv_have_include_next=yes
gl_cv_have_raw_decl_memmem=yes
gl_cv_have_raw_decl_mempcpy=yes
gl_cv_have_raw_decl_memrchr=yes
gl_cv_have_raw_decl_rawmemchr=yes
gl_cv_have_raw_decl_sigaction=yes
gl_cv_have_raw_decl_sigaddset=yes
gl_cv_have_raw_decl_sigdelset=yes
gl_cv_have_raw_decl_sigemptyset=yes
gl_cv_have_raw_decl_sigfillset=yes
gl_cv_have_raw_decl_sigismember=yes
gl_cv_have_raw_decl_sigpending=yes
gl_cv_have_raw_decl_sigprocmask=yes
gl_cv_have_raw_decl_stpcpy=yes
gl_cv_have_raw_decl_stpncpy=yes
gl_cv_have_raw_decl_strcasestr=yes
gl_cv_have_raw_decl_strchrnul=yes
gl_cv_have_raw_decl_strdup=yes
gl_cv_have_raw_decl_strerror_r=yes
gl_cv_have_raw_decl_strncat=yes
gl_cv_have_raw_decl_strndup=yes
gl_cv_have_raw_decl_strnlen=yes
gl_cv_have_raw_decl_strpbrk=yes
gl_cv_have_raw_decl_strsep=yes
gl_cv_have_raw_decl_strsignal=yes
gl_cv_have_raw_decl_strtok_r=yes
gl_cv_have_raw_decl_strverscmp=yes
gl_cv_header_working_stdint_h=yes
gl_cv_next_signal_h='<signal.h>'
gl_cv_next_stdint_h='<stdint.h>'
gl_cv_next_string_h='<string.h>'
gl_cv_pragma_columns=no
gt_cv_c_wchar_t=yes
lt_cv_ar_at_file=@
lt_cv_deplibs_check_method=pass_all
lt_cv_file_magic_cmd='$MAGIC_CMD'
lt_cv_file_magic_test_file=
lt_cv_ld_reload_flag=-r
lt_cv_nm_interface='BSD nm'
lt_cv_objdir=.libs
lt_cv_path_LD=/usr/bin/ld
lt_cv_path_NM='/usr/bin/nm -B'
lt_cv_path_mainfest_tool=no
lt_cv_prog_compiler_c_o=yes
lt_cv_prog_compiler_pic='-fPIC -DPIC'
lt_cv_prog_compiler_pic_works=yes
lt_cv_prog_compiler_rtti_exceptions=no
lt_cv_prog_compiler_static_works=yes
lt_cv_prog_gnu_ld=yes
lt_cv_sharedlib_from_linklib_cmd='printf %s\n'
lt_cv_shlibpath_overrides_runpath=no
lt_cv_sys_global_symbol_pipe='sed -n -e '\''s/^.*[	 ]\([ABCDGIRSTW][ABCDGIRSTW]*\)[	 ][	 ]*\([_A-Za-z][_A-Za-z0-9]*\)$/\1 \2 \2/p'\'' | sed '\''/ __gnu_lto/d'\'''
lt_cv_sys_global_symbol_to_c_name_address='sed -n -e '\''s/^: \([^ ]*\)[ ]*$/  {\"\1\", (void *) 0},/p'\'' -e '\''s/^[ABCDGIRSTW]* \([^ ]*\) \([^ ]*\)$/  {"\2", (void *) \&\2},/p'\'''
lt_cv_sys_global_symbol_to_c_name_address_lib_prefix='sed -n -e '\''s/^: \([^ ]*\)[ ]*$/  {\"\1\", (void *) 0},/p'\'' -e '\''s/^[ABCDGIRSTW]* \([^ ]*\) \(lib[^ ]*\)$/  {"\2", (void *) \&\2},/p'\'' -e '\''s/^[ABCDGIRSTW]* \([^ ]*\) \([^ ]*\)$/  {"lib\2", (void *) \&\2},/p'\'''
lt_cv_sys_global_symbol_to_cdecl='sed -n -e '\''s/^T .* \(.*\)$/extern int \1();/p'\'' -e '\''s/^[ABCDGIRSTW]* .* \(.*\)$/extern char \1;/p'\'''
lt_cv_sys_max_cmd_len=805306365
lt_cv_to_host_file_cmd=func_convert_file_noop
lt_cv_to_tool_file_cmd=func_convert_file_noop

## ----------------- ##
## Output variables. ##
## ----------------- ##

ACLOCAL='${SHELL} /home/pi/cgminer-3.9.0-a4-12-dg/missing --run aclocal-1.11'
ALLOCA=''
AMDEPBACKSLASH='\'
AMDEP_FALSE='#'
AMDEP_TRUE=''
AMTAR='$${TAR-tar}'
AM_BACKSLASH='\'
AM_DEFAULT_V='$(AM_DEFAULT_VERBOSITY)'
AM_DEFAULT_VERBOSITY='0'
AM_V='$(V)'
APPLE_UNIVERSAL_BUILD='0'
AR='ar'
AUTOCONF='${SHELL} /home/pi/cgminer-3.9.0-a4-12-dg/missing --run autoconf'
AUTOHEADER='${SHELL} /home/pi/cgminer-3.9.0-a4-12-dg/missing --run autoheader'
AUTOMAKE='${SHELL} /home/pi/cgminer-3.9.0-a4-12-dg/missing --run automake-1.11'
AWK='mawk'
BCM2835_LIBS=''
BITSIZEOF_PTRDIFF_T=''
BITSIZEOF_SIG_ATOMIC_T=''
BITSIZEOF_SIZE_T=''
BITSIZEOF_WCHAR_T=''
BITSIZEOF_WINT_T=''
CC='gcc'
CCDEPMODE='depmode=gcc3'
CFLAGS='-g -O2'
CPP='gcc -E'
CPPFLAGS=''
CYGPATH_W='echo'
DEFS=''
DEPDIR='.deps'
DLLTOOL='false'
DLOPEN_FLAGS='-ldl'
DSYMUTIL=''
DUMPBIN=''
ECHO_C=''
ECHO_N='-n'
ECHO_T=''
EGREP='/bin/grep -E'
EXEEXT=''
FGREP='/bin/grep -F'
GL_COND_LIBTOOL_FALSE=''
GL_COND_LIBTOOL_TRUE='#'
GL_GENERATE_STDDEF_H_FALSE=''
GL_GENERATE_STDDEF_H_TRUE='#'
GL_GENERATE_STDINT_H_FALSE=''
GL_GENERATE_STDINT_H_TRUE='#'
GNULIB_MBSCASECMP='0'
GNULIB_MBSCASESTR='0'
GNULIB_MBSCHR='0'
GNULIB_MBSCSPN='0'
GNULIB_MBSLEN='0'
GNULIB_MBSNCASECMP='0'
GNULIB_MBSNLEN='0'
GNULIB_MBSPBRK='0'
GNULIB_MBSPCASECMP='0'
GNULIB_MBSRCHR='0'
GNULIB_MBSSEP='0'
GNULIB_MBSSPN='0'
GNULIB_MBSSTR='0'
GNULIB_MBSTOK_R='0'
GNULIB_MEMCHR='1'
GNULIB_MEMMEM='1'
GNULIB_MEMPCPY='0'
GNULIB_MEMRCHR='0'
GNULIB_RAWMEMCHR='0'
GNULIB_SIGACTION='1'
GNULIB_SIGNAL_H_SIGPIPE='0'
GNULIB_SIGPROCMASK='1'
GNULIB_STPCPY='0'
GNULIB_STPNCPY='0'
GNULIB_STRCASESTR='0'
GNULIB_STRCHRNUL='0'
GNULIB_STRDUP='0'
GNULIB_STRERROR='0'
GNULIB_STRERROR_R='0'
GNULIB_STRNCAT='0'
GNULIB_STRNDUP='0'
GNULIB_STRNLEN='0'
GNULIB_STRPBRK='0'
GNULIB_STRSEP='0'
GNULIB_STRSIGNAL='0'
GNULIB_STRSTR='0'
GNULIB_STRTOK_R='0'
GNULIB_STRVERSCMP='0'
GREP='/bin/grep'
HAS_AVALON_FALSE=''
HAS_AVALON_TRUE=''
HAS_BAB_FALSE=''
HAS_BAB_TRUE=''
HAS_BFLSC_FALSE=''
HAS_BFLSC_TRUE=''
HAS_BITFORCE_FALSE=''
HAS_BITFORCE_TRUE=''
HAS_BITFURY_FALSE=''
HAS_BITFURY_TRUE=''
HAS_BITMINE_A1_FALSE=''
HAS_BITMINE_A1_TRUE=''
HAS_DRILLBIT_FALSE=''
HAS_DRILLBIT_TRUE=''
HAS_HASHFAST_FALSE=''
HAS_HASHFAST_TRUE=''
HAS_ICARUS_FALSE=''
HAS_ICARUS_TRUE=''
HAS_KLONDIKE_FALSE=''
HAS_KLONDIKE_TRUE=''
HAS_KNC_FALSE=''
HAS_KNC_TRUE=''
HAS_MODMINER_FALSE=''
HAS_MODMINER_TRUE=''
HAVE_CURSES_FALSE=''
HAVE_CURSES_TRUE=''
HAVE_DECL_MEMMEM='1'
HAVE_DECL_MEMRCHR='1'
HAVE_DECL_STRDUP='1'
HAVE_DECL_STRERROR_R='1'
HAVE_DECL_STRNDUP='1'
HAVE_DECL_STRNLEN='1'
HAVE_DECL_STRSIGNAL='1'
HAVE_DECL_STRTOK_R='1'
HAVE_INTTYPES_H='1'
HAVE_LONG_LONG_INT='1'
HAVE_MBSLEN='0'
HAVE_MEMCHR='1'
HAVE_MEMPCPY='1'
HAVE_POSIX_SIGNALBLOCKING='1'
HAVE_RAWMEMCHR='1'
HAVE_SIGACTION='1'
HAVE_SIGHANDLER_T='1'
HAVE_SIGINFO_T='1'
HAVE_SIGNED_SIG_ATOMIC_T=''
HAVE_SIGNED_WCHAR_T=''
HAVE_SIGNED_WINT_T=''
HAVE_SIGSET_T='1'
HAVE_STDINT_H='1'
HAVE_STPCPY='1'
HAVE_STPNCPY='1'
HAVE_STRCASESTR='1'
HAVE_STRCHRNUL='1'
HAVE_STRPBRK='1'
HAVE_STRSEP='1'
HAVE_STRUCT_SIGACTION_SA_SIGACTION='1'
HAVE_STRVERSCMP='1'
HAVE_SYS_BITYPES_H=''
HAVE_SYS_INTTYPES_H=''
HAVE_SYS_TYPES_H='1'
HAVE_TYPE_VOLATILE_SIG_ATOMIC_T='1'
HAVE_UNSIGNED_LONG_LONG_INT='1'
HAVE_WCHAR_H='1'
HAVE_WCHAR_T='1'
HAVE_WINDOWS_FALSE=''
HAVE_WINDOWS_TRUE=''
HAVE_x86_64_FALSE=''
HAVE_x86_64_TRUE=''
INCLUDE_NEXT='include_next'
INCLUDE_NEXT_AS_FIRST_DIRECTIVE='include_next'
INSTALL_DATA='${INSTALL} -m 644'
INSTALL_PROGRAM='${INSTALL}'
INSTALL_SCRIPT='${INSTALL}'
INSTALL_STRIP_PROGRAM='$(install_sh) -c -s'
JANSSON_LIBS=''
LD='/usr/bin/ld'
LDFLAGS=''
LIBCURL_CFLAGS=''
LIBCURL_LIBS=''
LIBGNU_LIBDEPS=''
LIBGNU_LTLIBDEPS=''
LIBOBJS=''
LIBS='-lpthread '
LIBTOOL='$(SHELL) $(top_builddir)/libtool'
LIBUSB_CFLAGS=''
LIBUSB_LIBS=''
LIPO=''
LN_S='ln -s'
LTLIBOBJS=''
MAINT='#'
MAINTAINER_MODE_FALSE=''
MAINTAINER_MODE_TRUE='#'
MAKEINFO='${SHELL} /home/pi/cgminer-3.9.0-a4-12-dg/missing --run makeinfo'
MANIFEST_TOOL=':'
MATH_LIBS='-lm'
MKDIR_P='/bin/mkdir -p'
MM_LIBS=''
NCURSES_LIBS=''
NEED_FPGAUTILS_FALSE=''
NEED_FPGAUTILS_TRUE=''
NEXT_AS_FIRST_DIRECTIVE_SIGNAL_H='<signal.h>'
NEXT_AS_FIRST_DIRECTIVE_STDDEF_H=''
NEXT_AS_FIRST_DIRECTIVE_STDINT_H='<stdint.h>'
NEXT_AS_FIRST_DIRECTIVE_STRING_H='<string.h>'
NEXT_SIGNAL_H='<signal.h>'
NEXT_STDDEF_H=''
NEXT_STDINT_H='<stdint.h>'
NEXT_STRING_H='<string.h>'
NM='/usr/bin/nm -B'
NMEDIT=''
OBJDUMP='objdump'
OBJEXT='o'
OTOOL64=''
OTOOL=''
PACKAGE='cgminer'
PACKAGE_BUGREPORT='kernel@kolivas.org'
PACKAGE_NAME='cgminer'
PACKAGE_STRING='cgminer 3.9.0'
PACKAGE_TARNAME='cgminer'
PACKAGE_URL=''
PACKAGE_VERSION='3.9.0'
PATH_SEPARATOR=':'
PDCURSES_LIBS=''
PKG_CONFIG=''
PKG_CONFIG_LIBDIR=''
PKG_CONFIG_PATH=''
PRAGMA_COLUMNS=''
PRAGMA_SYSTEM_HEADER='#pragma GCC system_header'
PTHREAD_FLAGS='-lpthread'
PTHREAD_LIBS='-lpthread'
PTRDIFF_T_SUFFIX=''
RANLIB='ranlib'
REPLACE_MEMCHR='0'
REPLACE_MEMMEM='0'
REPLACE_NULL='0'
REPLACE_STPNCPY='0'
REPLACE_STRCASESTR='0'
REPLACE_STRCHRNUL='0'
REPLACE_STRDUP='0'
REPLACE_STRERROR='0'
REPLACE_STRERROR_R='0'
REPLACE_STRNCAT='0'
REPLACE_STRNDUP='0'
REPLACE_STRNLEN='0'
REPLACE_STRSIGNAL='0'
REPLACE_STRSTR='0'
REPLACE_STRTOK_R='0'
RT_LIBS='-lrt'
SED='/bin/sed'
SET_MAKE=''
SHELL='/bin/bash'
SIG_ATOMIC_T_SUFFIX=''
SIZE_T_SUFFIX=''
STDDEF_H=''
STDINT_H=''
STRIP='strip'
UNDEFINE_STRTOK_R='0'
VERSION='3.9.0'
VMAJ='3'
WANT_STATIC_LIBUSB_FALSE=''
WANT_STATIC_LIBUSB_TRUE=''
WANT_USBUTILS_FALSE=''
WANT_USBUTILS_TRUE=''
WCHAR_T_SUFFIX=''
WINT_T_SUFFIX=''
WS2_LIBS=''
ac_ct_AR='ar'
ac_ct_CC='gcc'
ac_ct_DUMPBIN=''
am__EXEEXT_FALSE=''
am__EXEEXT_TRUE=''
am__fastdepCC_FALSE='#'
am__fastdepCC_TRUE=''
am__include='include'
am__isrc=''
am__leading_dot='.'
am__nodep='_no'
am__quote=''
am__tar='$${TAR-tar} chof - "$$tardir"'
am__untar='$${TAR-tar} xf -'
bindir='${exec_prefix}/bin'
build='armv6l-unknown-linux-gnueabihf'
build_alias=''
build_cpu='armv6l'
build_os='linux-gnueabihf'
build_vendor='unknown'
datadir='${datarootdir}'
datarootdir='${prefix}/share'
docdir='${datarootdir}/doc/${PACKAGE_TARNAME}'
dvidir='${docdir}'
exec_prefix='NONE'
gl_LIBOBJS=''
gl_LTLIBOBJS=''
gltests_LIBOBJS=''
gltests_LTLIBOBJS=''
gltests_WITNESS='IN_CGMINER_GNULIB_TESTS'
host='armv6l-unknown-linux-gnueabihf'
host_alias=''
host_cpu='armv6l'
host_os='linux-gnueabihf'
host_vendor='unknown'
htmldir='${docdir}'
includedir='${prefix}/include'
infodir='${datarootdir}/info'
install_sh='${SHELL} /home/pi/cgminer-3.9.0-a4-12-dg/install-sh'
libdir='${exec_prefix}/lib'
libexecdir='${exec_prefix}/libexec'
localedir='${datarootdir}/locale'
localstatedir='${prefix}/var'
mandir='${datarootdir}/man'
mkdir_p='/bin/mkdir -p'
oldincludedir='/usr/include'
pdfdir='${docdir}'
prefix='NONE'
program_transform_name='s,x,x,'
psdir='${docdir}'
release_info=''
sbindir='${exec_prefix}/sbin'
sharedstatedir='${prefix}/com'
subdirs=''
sysconfdir='${prefix}/etc'
target='armv6l-unknown-linux-gnueabihf'
target_alias=''
target_cpu='armv6l'
target_os='linux-gnueabihf'
target_vendor='unknown'
version_info='12:0:9'

## ----------- ##
## confdefs.h. ##
## ----------- ##

/* confdefs.h */
#define PACKAGE_NAME "cgminer"
#define PACKAGE_TARNAME "cgminer"
#define PACKAGE_VERSION "3.9.0"
#define PACKAGE_STRING "cgminer 3.9.0"
#define PACKAGE_BUGREPORT "kernel@kolivas.org"
#define PACKAGE_URL ""
#define PACKAGE "cgminer"
#define VERSION "3.9.0"
#define STDC_HEADERS 1
#define HAVE_SYS_TYPES_H 1
#define HAVE_SYS_STAT_H 1
#define HAVE_STDLIB_H 1
#define HAVE_STRING_H 1
#define HAVE_MEMORY_H 1
#define HAVE_STRINGS_H 1
#define HAVE_INTTYPES_H 1
#define HAVE_STDINT_H 1
#define HAVE_UNISTD_H 1
#define __EXTENSIONS__ 1
#define _ALL_SOURCE 1
#define _GNU_SOURCE 1
#define _POSIX_PTHREAD_SEMANTICS 1
#define _TANDEM_SOURCE 1
#define CGMINER_MAJOR_VERSION 3
#define CGMINER_MINOR_VERSION 9
#define CGMINER_MINOR_SUBVERSION 0
#define HAVE_DLFCN_H 1
#define LT_OBJDIR ".libs/"
#define HAVE_SYS_MMAN_H 1
#define HAVE_WCHAR_H 1
#define HAVE_STDINT_H 1
#define HAVE_MPROTECT 1
#define HAVE_SIGACTION 1
#define HAVE_SIGALTSTACK 1
#define HAVE_SIGINTERRUPT 1
#define HAVE_MAP_ANONYMOUS 1
#define HAVE_DECL_MEMMEM 1
#define HAVE_MEMMEM 1
#define restrict __restrict
#define HAVE_WCHAR_T 1
#define HAVE_UNSIGNED_LONG_LONG_INT 1
#define HAVE_LONG_LONG_INT 1
#define HAVE_RAW_DECL_MEMMEM 1
#define HAVE_RAW_DECL_MEMPCPY 1
#define HAVE_RAW_DECL_MEMRCHR 1
#define HAVE_RAW_DECL_RAWMEMCHR 1
#define HAVE_RAW_DECL_STPCPY 1
#define HAVE_RAW_DECL_STPNCPY 1
#define HAVE_RAW_DECL_STRCHRNUL 1
#define HAVE_RAW_DECL_STRDUP 1
#define HAVE_RAW_DECL_STRNCAT 1
#define HAVE_RAW_DECL_STRNDUP 1
#define HAVE_RAW_DECL_STRNLEN 1
#define HAVE_RAW_DECL_STRPBRK 1
#define HAVE_RAW_DECL_STRSEP 1
#define HAVE_RAW_DECL_STRCASESTR 1
#define HAVE_RAW_DECL_STRTOK_R 1
#define HAVE_RAW_DECL_STRERROR_R 1
#define HAVE_RAW_DECL_STRSIGNAL 1
#define HAVE_RAW_DECL_STRVERSCMP 1
#define GNULIB_TEST_MEMCHR 1
#define HAVE_MEMMEM 1
#define GNULIB_TEST_MEMMEM 1
#define HAVE_STRUCT_SIGACTION_SA_SIGACTION 1
#define GNULIB_TEST_SIGACTION 1
#define HAVE_RAW_DECL_SIGACTION 1
#define HAVE_RAW_DECL_SIGADDSET 1
#define HAVE_RAW_DECL_SIGDELSET 1
#define HAVE_RAW_DECL_SIGEMPTYSET 1
#define HAVE_RAW_DECL_SIGFILLSET 1
#define HAVE_RAW_DECL_SIGISMEMBER 1
#define HAVE_RAW_DECL_SIGPENDING 1
#define HAVE_RAW_DECL_SIGPROCMASK 1
#define GNULIB_TEST_SIGPROCMASK 1
#define STDC_HEADERS 1
#define HAVE_SYSLOG_H 1
#define HAVE_ALLOCA_H 1
#define HAVE_ALLOCA 1
#define HAVE_LIBPTHREAD 1

configure: exit 1
